#
# There is insufficient memory for the Java Runtime Environment to continue.
# Native memory allocation (mmap) failed to map 264241152 bytes. Error detail: G1 virtual space
# Possible reasons:
#   The system is out of physical RAM or swap space
#   This process is running with CompressedOops enabled, and the Java Heap may be blocking the growth of the native heap
# Possible solutions:
#   Reduce memory load on the system
#   Increase physical memory or swap space
#   Check if swap backing store is full
#   Decrease Java heap size (-Xmx/-Xms)
#   Decrease number of Java threads
#   Decrease Java thread stack sizes (-Xss)
#   Set larger code cache with -XX:ReservedCodeCacheSize=
#   JVM is running with Zero Based Compressed Oops mode in which the Java heap is
#     placed in the first 32GB address space. The Java Heap base address is the
#     maximum limit for the native heap growth. Please use -XX:HeapBaseMinAddress
#     to set the Java Heap base and to place the Java Heap above 32GB virtual address.
# This output file may be truncated or incomplete.
#
#  Out of Memory Error (os_windows.cpp:3613), pid=14800, tid=32512
#
# JRE version:  (17.0.12+7) (build )
# Java VM: OpenJDK 64-Bit Server VM (17.0.12+7, mixed mode, sharing, tiered, compressed oops, compressed class ptrs, g1 gc, windows-amd64)
# No core dump will be written. Minidumps are not enabled by default on client versions of Windows
#

---------------  S U M M A R Y ------------

Command Line: -XX:+ShowCodeDetailsInExceptionMessages billingsystempackage.customerdetails

Host: 13th Gen Intel(R) Core(TM) i7-13620H, 16 cores, 15G,  Windows 11 , 64 bit Build 26100 (10.0.26100.3323)
Time: Fri Mar 21 16:02:25 2025 India Standard Time elapsed time: 0.038324 seconds (0d 0h 0m 0s)

---------------  T H R E A D  ---------------

Current thread (0x000002173ef54500):  JavaThread "Unknown thread" [_thread_in_vm, id=32512, stack(0x0000007edd900000,0x0000007edda00000)]

Stack: [0x0000007edd900000,0x0000007edda00000]
Native frames: (J=compiled Java code, j=interpreted, Vv=VM code, C=native code)
V  [jvm.dll+0x67f929]
V  [jvm.dll+0x8371ba]
V  [jvm.dll+0x838c7e]
V  [jvm.dll+0x8392e3]
V  [jvm.dll+0x24834f]
V  [jvm.dll+0x67c6e9]
V  [jvm.dll+0x6711aa]
V  [jvm.dll+0x307f7b]
V  [jvm.dll+0x30f476]
V  [jvm.dll+0x35f63e]
V  [jvm.dll+0x35f87f]
V  [jvm.dll+0x2def9c]
V  [jvm.dll+0x2dfef4]
V  [jvm.dll+0x808a4b]
V  [jvm.dll+0x36d3b1]
V  [jvm.dll+0x7e7425]
V  [jvm.dll+0x3f0edf]
V  [jvm.dll+0x3f2a31]
C  [jli.dll+0x528f]
C  [ucrtbase.dll+0x37b0]
C  [KERNEL32.DLL+0x2e8d7]
C  [ntdll.dll+0xbbf6c]


---------------  P R O C E S S  ---------------

Threads class SMR info:
_java_thread_list=0x00007ffff8506f18, length=0, elements={
}

Java Threads: ( => current thread )

Other Threads:
  0x000002173efc0f60 GCTaskThread "GC Thread#0" [stack: 0x0000007edda00000,0x0000007eddb00000] [id=29848]
  0x000002173efd26c0 ConcurrentGCThread "G1 Main Marker" [stack: 0x0000007eddb00000,0x0000007eddc00000] [id=32508]
  0x000002173efd3880 ConcurrentGCThread "G1 Conc#0" [stack: 0x0000007eddc00000,0x0000007eddd00000] [id=11956]

[error occurred during error reporting (printing all threads), id 0xc0000005, EXCEPTION_ACCESS_VIOLATION (0xc0000005) at pc=0x00007ffff7cbf697]

VM state: not at safepoint (not fully initialized)

VM Mutex/Monitor currently owned by a thread:  ([mutex/lock_event])
[0x000002173ef4cfd0] Heap_lock - owner thread: 0x000002173ef54500

Heap address: 0x0000000704c00000, size: 4020 MB, Compressed Oops mode: Zero based, Oop shift amount: 3

CDS archive(s) mapped at: [0x0000000000000000-0x0000000000000000-0x0000000000000000), size 0, SharedBaseAddress: 0x0000000800000000, ArchiveRelocationMode: 1.
Narrow klass base: 0x0000000000000000, Narrow klass shift: 0, Narrow klass range: 0x0

GC Precious Log:
<Empty>

Heap:
 garbage-first heap   total 0K, used 0K [0x0000000704c00000, 0x0000000800000000)
  region size 2048K, 0 young (0K), 0 survivors (0K)

[error occurred during error reporting (printing heap information), id 0xc0000005, EXCEPTION_ACCESS_VIOLATION (0xc0000005) at pc=0x00007ffff80a8bf9]

GC Heap History (0 events):
No events

Dll operation events (1 events):
Event: 0.014 Loaded shared library C:\Program Files\Eclipse Adoptium\jdk-17.0.12.7-hotspot\bin\java.dll

Deoptimization events (0 events):
No events

Classes loaded (0 events):
No events

Classes unloaded (0 events):
No events

Classes redefined (0 events):
No events

Internal exceptions (0 events):
No events

VM Operations (0 events):
No events

Events (0 events):
No events


Dynamic libraries:
0x00007ff700b30000 - 0x00007ff700b3e000 	C:\Program Files\Eclipse Adoptium\jdk-17.0.12.7-hotspot\bin\java.exe
0x00007ff89dae0000 - 0x00007ff89dd43000 	C:\WINDOWS\SYSTEM32\ntdll.dll
0x00007ff89c010000 - 0x00007ff89c0d7000 	C:\WINDOWS\System32\KERNEL32.DLL
0x00007ff89b530000 - 0x00007ff89b8f9000 	C:\WINDOWS\System32\KERNELBASE.dll
0x00007ff89ace0000 - 0x00007ff89ae2c000 	C:\WINDOWS\System32\ucrtbase.dll
0x00007ff857fe0000 - 0x00007ff857ff7000 	C:\Program Files\Eclipse Adoptium\jdk-17.0.12.7-hotspot\bin\jli.dll
0x00007ff857f00000 - 0x00007ff857f1b000 	C:\Program Files\Eclipse Adoptium\jdk-17.0.12.7-hotspot\bin\VCRUNTIME140.dll
0x00007ff89d8d0000 - 0x00007ff89da9a000 	C:\WINDOWS\System32\USER32.dll
0x00007ff871670000 - 0x00007ff871900000 	C:\WINDOWS\WinSxS\amd64_microsoft.windows.common-controls_6595b64144ccf1df_6.0.26100.3323_none_3e088096e3344490\COMCTL32.dll
0x00007ff89b100000 - 0x00007ff89b127000 	C:\WINDOWS\System32\win32u.dll
0x00007ff89c500000 - 0x00007ff89c5a9000 	C:\WINDOWS\System32\msvcrt.dll
0x00007ff89ba00000 - 0x00007ff89ba2a000 	C:\WINDOWS\System32\GDI32.dll
0x00007ff89b280000 - 0x00007ff89b3b1000 	C:\WINDOWS\System32\gdi32full.dll
0x00007ff89b1d0000 - 0x00007ff89b273000 	C:\WINDOWS\System32\msvcp_win.dll
0x00007ff89c5b0000 - 0x00007ff89c5df000 	C:\WINDOWS\System32\IMM32.DLL
0x00007ff85dd70000 - 0x00007ff85dd7c000 	C:\Program Files\Eclipse Adoptium\jdk-17.0.12.7-hotspot\bin\vcruntime140_1.dll
0x00007ff84d660000 - 0x00007ff84d6ed000 	C:\Program Files\Eclipse Adoptium\jdk-17.0.12.7-hotspot\bin\msvcp140.dll
0x00007ffff79d0000 - 0x00007ffff863a000 	C:\Program Files\Eclipse Adoptium\jdk-17.0.12.7-hotspot\bin\server\jvm.dll
0x00007ff89c670000 - 0x00007ff89c722000 	C:\WINDOWS\System32\ADVAPI32.dll
0x00007ff89c870000 - 0x00007ff89c916000 	C:\WINDOWS\System32\sechost.dll
0x00007ff89c920000 - 0x00007ff89ca36000 	C:\WINDOWS\System32\RPCRT4.dll
0x00007ff89bf90000 - 0x00007ff89c004000 	C:\WINDOWS\System32\WS2_32.dll
0x00007ff89ab70000 - 0x00007ff89abbe000 	C:\WINDOWS\SYSTEM32\POWRPROF.dll
0x00007ff88bca0000 - 0x00007ff88bcd6000 	C:\WINDOWS\SYSTEM32\WINMM.dll
0x00007ff87ed10000 - 0x00007ff87ed1b000 	C:\WINDOWS\SYSTEM32\VERSION.dll
0x00007ff89ab50000 - 0x00007ff89ab64000 	C:\WINDOWS\SYSTEM32\UMPDC.dll
0x00007ff899b00000 - 0x00007ff899b1a000 	C:\WINDOWS\SYSTEM32\kernel.appcore.dll
0x00007ff85d710000 - 0x00007ff85d71a000 	C:\Program Files\Eclipse Adoptium\jdk-17.0.12.7-hotspot\bin\jimage.dll
0x00007ff898210000 - 0x00007ff898451000 	C:\WINDOWS\SYSTEM32\DBGHELP.DLL
0x00007ff89bb10000 - 0x00007ff89be92000 	C:\WINDOWS\System32\combase.dll
0x00007ff89c790000 - 0x00007ff89c866000 	C:\WINDOWS\System32\OLEAUT32.dll
0x00007ff87b8b0000 - 0x00007ff87b8e9000 	C:\WINDOWS\SYSTEM32\dbgcore.DLL
0x00007ff89b130000 - 0x00007ff89b1c9000 	C:\WINDOWS\System32\bcryptPrimitives.dll
0x00007ff850660000 - 0x00007ff850685000 	C:\Program Files\Eclipse Adoptium\jdk-17.0.12.7-hotspot\bin\java.dll

dbghelp: loaded successfully - version: 4.0.5 - missing functions: none
symbol engine: initialized successfully - sym options: 0x614 - pdb path: .;C:\Program Files\Eclipse Adoptium\jdk-17.0.12.7-hotspot\bin;C:\WINDOWS\SYSTEM32;C:\WINDOWS\WinSxS\amd64_microsoft.windows.common-controls_6595b64144ccf1df_6.0.26100.3323_none_3e088096e3344490;C:\Program Files\Eclipse Adoptium\jdk-17.0.12.7-hotspot\bin\server

VM Arguments:
jvm_args: -XX:+ShowCodeDetailsInExceptionMessages 
java_command: billingsystempackage.customerdetails
java_class_path (initial): C:\Users\Lenovo\Desktop\billing_systempackage\billingsystempackage\bin;c:\Users\Lenovo\Desktop\mysql-connector-j-9.2.0.jar
Launcher Type: SUN_STANDARD

[Global flags]
     intx CICompilerCount                          = 12                                        {product} {ergonomic}
     uint ConcGCThreads                            = 3                                         {product} {ergonomic}
     uint G1ConcRefinementThreads                  = 13                                        {product} {ergonomic}
   size_t G1HeapRegionSize                         = 2097152                                   {product} {ergonomic}
    uintx GCDrainStackTargetSize                   = 64                                        {product} {ergonomic}
   size_t InitialHeapSize                          = 264241152                                 {product} {ergonomic}
   size_t MarkStackSize                            = 4194304                                   {product} {ergonomic}
   size_t MaxHeapSize                              = 4215275520                                {product} {ergonomic}
   size_t MinHeapDeltaBytes                        = 2097152                                   {product} {ergonomic}
   size_t MinHeapSize                              = 8388608                                   {product} {ergonomic}
    uintx NonNMethodCodeHeapSize                   = 7602480                                {pd product} {ergonomic}
    uintx NonProfiledCodeHeapSize                  = 122027880                              {pd product} {ergonomic}
    uintx ProfiledCodeHeapSize                     = 122027880                              {pd product} {ergonomic}
    uintx ReservedCodeCacheSize                    = 251658240                              {pd product} {ergonomic}
     bool SegmentedCodeCache                       = true                                      {product} {ergonomic}
     bool ShowCodeDetailsInExceptionMessages       = true                                   {manageable} {command line}
   size_t SoftMaxHeapSize                          = 4215275520                             {manageable} {ergonomic}
     bool UseCompressedClassPointers               = true                           {product lp64_product} {ergonomic}
     bool UseCompressedOops                        = true                           {product lp64_product} {ergonomic}
     bool UseG1GC                                  = true                                      {product} {ergonomic}
     bool UseLargePagesIndividualAllocation        = false                                  {pd product} {ergonomic}

Logging:
Log output configuration:
 #0: stdout all=warning uptime,level,tags
 #1: stderr all=off uptime,level,tags

Environment Variables:
JAVA_HOME=C:\Program Files\Eclipse Adoptium\jdk-17.0.12.7-hotspot\
PATH=C:\Program Files\Eclipse Adoptium\jdk-17.0.12.7-hotspot\bin;C:\WINDOWS\system32;C:\WINDOWS;C:\WINDOWS\System32\Wbem;C:\WINDOWS\System32\WindowsPowerShell\v1.0\;C:\WINDOWS\System32\OpenSSH\;C:\Program Files\dotnet\;C:\Program Files\Git\cmd;C:\Program Files\MySQL\MySQL Shell 8.0\bin\;C:\Users\Lenovo\AppData\Local\Programs\Python\Python312\Scripts\;C:\Users\Lenovo\AppData\Local\Programs\Python\Python312\;C:\Users\Lenovo\AppData\Local\Microsoft\WindowsApps;E:\Microsoft VS Code\bin
USERNAME=Lenovo
LANG=en_US.UTF-8
OS=Windows_NT
PROCESSOR_IDENTIFIER=Intel64 Family 6 Model 186 Stepping 2, GenuineIntel
TMP=C:\Users\Lenovo\AppData\Local\Temp
TEMP=C:\Users\Lenovo\AppData\Local\Temp



Periodic native trim disabled


---------------  S Y S T E M  ---------------

OS:
 Windows 11 , 64 bit Build 26100 (10.0.26100.3323)
OS uptime: 0 days 6:00 hours
Hyper-V role detected

CPU: total 16 (initial active 16) (8 cores per cpu, 2 threads per core) family 6 model 186 stepping 2 microcode 0x4112, cx8, cmov, fxsr, ht, mmx, 3dnowpref, sse, sse2, sse3, ssse3, sse4.1, sse4.2, popcnt, lzcnt, tsc, tscinvbit, avx, avx2, aes, erms, clmul, bmi1, bmi2, adx, sha, fma, vzeroupper, clflush, clflushopt, clwb, hv
Processor Information for processor 0
  Max Mhz: 2400, Current Mhz: 2400, Mhz Limit: 2400
Processor Information for processor 1
  Max Mhz: 2400, Current Mhz: 1520, Mhz Limit: 2400
Processor Information for processor 2
  Max Mhz: 2400, Current Mhz: 1520, Mhz Limit: 2400
Processor Information for processor 3
  Max Mhz: 2400, Current Mhz: 2400, Mhz Limit: 2400
Processor Information for processor 4
  Max Mhz: 2400, Current Mhz: 2400, Mhz Limit: 2400
Processor Information for processor 5
  Max Mhz: 2400, Current Mhz: 1520, Mhz Limit: 2400
Processor Information for processor 6
  Max Mhz: 2400, Current Mhz: 2400, Mhz Limit: 2400
Processor Information for processor 7
  Max Mhz: 2400, Current Mhz: 2400, Mhz Limit: 2400
Processor Information for processor 8
  Max Mhz: 2400, Current Mhz: 2400, Mhz Limit: 2400
Processor Information for processor 9
  Max Mhz: 2400, Current Mhz: 1520, Mhz Limit: 2400
Processor Information for processor 10
  Max Mhz: 2400, Current Mhz: 2400, Mhz Limit: 2400
Processor Information for processor 11
  Max Mhz: 2400, Current Mhz: 1520, Mhz Limit: 2400
Processor Information for processor 12
  Max Mhz: 2400, Current Mhz: 1500, Mhz Limit: 1800
Processor Information for processor 13
  Max Mhz: 2400, Current Mhz: 1500, Mhz Limit: 1800
Processor Information for processor 14
  Max Mhz: 2400, Current Mhz: 1500, Mhz Limit: 1800
Processor Information for processor 15
  Max Mhz: 2400, Current Mhz: 1500, Mhz Limit: 1800

Memory: 4k page, system-wide physical 16076M (1657M free)
TotalPageFile size 39292M (AvailPageFile size 95M)
current process WorkingSet (physical memory assigned to process): 12M, peak: 12M
current process commit charge ("private bytes"): 71M, peak: 323M

vm_info: OpenJDK 64-Bit Server VM (17.0.12+7) for windows-amd64 JRE (17.0.12+7), built on Jul 16 2024 22:08:24 by "admin" with MS VC++ 16.10 / 16.11 (VS2019)

END.
