#
# There is insufficient memory for the Java Runtime Environment to continue.
# Native memory allocation (malloc) failed to allocate 174016 bytes. Error detail: Chunk::new
# Possible reasons:
#   The system is out of physical RAM or swap space
#   This process is running with CompressedOops enabled, and the Java Heap may be blocking the growth of the native heap
# Possible solutions:
#   Reduce memory load on the system
#   Increase physical memory or swap space
#   Check if swap backing store is full
#   Decrease Java heap size (-Xmx/-Xms)
#   Decrease number of Java threads
#   Decrease Java thread stack sizes (-Xss)
#   Set larger code cache with -XX:ReservedCodeCacheSize=
#   JVM is running with Zero Based Compressed Oops mode in which the Java heap is
#     placed in the first 32GB address space. The Java Heap base address is the
#     maximum limit for the native heap growth. Please use -XX:HeapBaseMinAddress
#     to set the Java Heap base and to place the Java Heap above 32GB virtual address.
# This output file may be truncated or incomplete.
#
#  Out of Memory Error (arena.cpp:191), pid=39720, tid=39064
#
# JRE version: OpenJDK Runtime Environment Temurin-17.0.12+7 (17.0.12+7) (build 17.0.12+7)
# Java VM: OpenJDK 64-Bit Server VM Temurin-17.0.12+7 (17.0.12+7, mixed mode, sharing, tiered, compressed oops, compressed class ptrs, g1 gc, windows-amd64)
# No core dump will be written. Minidumps are not enabled by default on client versions of Windows
#

---------------  S U M M A R Y ------------

Command Line: -XX:+ShowCodeDetailsInExceptionMessages billingsystempackage.loginpage

Host: 13th Gen Intel(R) Core(TM) i7-13620H, 16 cores, 15G,  Windows 11 , 64 bit Build 26100 (10.0.26100.3323)
Time: Sat Mar 22 15:06:10 2025 India Standard Time elapsed time: 6435.015089 seconds (0d 1h 47m 15s)

---------------  T H R E A D  ---------------

Current thread (0x000001fee9987ed0):  JavaThread "C2 CompilerThread0" daemon [_thread_in_native, id=39064, stack(0x000000b6ffa00000,0x000000b6ffb00000)]


Current CompileTask:
C2:6435015 2585       4       java.lang.String::replace (42 bytes)

Stack: [0x000000b6ffa00000,0x000000b6ffb00000]
Native frames: (J=compiled Java code, j=interpreted, Vv=VM code, C=native code)
V  [jvm.dll+0x67f929]
V  [jvm.dll+0x8371ba]
V  [jvm.dll+0x838c7e]
V  [jvm.dll+0x8392e3]
V  [jvm.dll+0x24834f]
V  [jvm.dll+0xac9d4]
V  [jvm.dll+0xad01c]
V  [jvm.dll+0x2af96f]
V  [jvm.dll+0x5868d7]
V  [jvm.dll+0x2231c2]
V  [jvm.dll+0x2235bf]
V  [jvm.dll+0x21c6e0]
V  [jvm.dll+0x219be1]
V  [jvm.dll+0x1a58bd]
V  [jvm.dll+0x229a2d]
V  [jvm.dll+0x227bdc]
V  [jvm.dll+0x7ec1f7]
V  [jvm.dll+0x7e65dc]
V  [jvm.dll+0x67e7f7]
C  [ucrtbase.dll+0x37b0]
C  [KERNEL32.DLL+0x2e8d7]
C  [ntdll.dll+0xbbf6c]


---------------  P R O C E S S  ---------------

Threads class SMR info:
_java_thread_list=0x000001fef02cf490, length=18, elements={
0x000001fee9965580, 0x000001fee9966050, 0x000001fee997f3b0, 0x000001fee997ff70,
0x000001fee99816a0, 0x000001fee9984be0, 0x000001fee9987ed0, 0x000001fee9989350,
0x000001fee9991c70, 0x000001fee9b3c910, 0x000001fee9b45ea0, 0x000001fee9d27b50,
0x000001fee9d28440, 0x000001fee9d46060, 0x000001feee349400, 0x000001feee1f1ad0,
0x000001feee1f0180, 0x000001feee1f0690
}

Java Threads: ( => current thread )
  0x000001fee9965580 JavaThread "Reference Handler" daemon [_thread_blocked, id=39620, stack(0x000000b6ff400000,0x000000b6ff500000)]
  0x000001fee9966050 JavaThread "Finalizer" daemon [_thread_blocked, id=12012, stack(0x000000b6ff500000,0x000000b6ff600000)]
  0x000001fee997f3b0 JavaThread "Signal Dispatcher" daemon [_thread_blocked, id=25364, stack(0x000000b6ff600000,0x000000b6ff700000)]
  0x000001fee997ff70 JavaThread "Attach Listener" daemon [_thread_blocked, id=37128, stack(0x000000b6ff700000,0x000000b6ff800000)]
  0x000001fee99816a0 JavaThread "Service Thread" daemon [_thread_blocked, id=17892, stack(0x000000b6ff800000,0x000000b6ff900000)]
  0x000001fee9984be0 JavaThread "Monitor Deflation Thread" daemon [_thread_blocked, id=36028, stack(0x000000b6ff900000,0x000000b6ffa00000)]
=>0x000001fee9987ed0 JavaThread "C2 CompilerThread0" daemon [_thread_in_native, id=39064, stack(0x000000b6ffa00000,0x000000b6ffb00000)]
  0x000001fee9989350 JavaThread "C1 CompilerThread0" daemon [_thread_blocked, id=20536, stack(0x000000b6ffb00000,0x000000b6ffc00000)]
  0x000001fee9991c70 JavaThread "Sweeper thread" daemon [_thread_blocked, id=24600, stack(0x000000b6ffc00000,0x000000b6ffd00000)]
  0x000001fee9b3c910 JavaThread "Notification Thread" daemon [_thread_blocked, id=37308, stack(0x000000b6ffe00000,0x000000b6fff00000)]
  0x000001fee9b45ea0 JavaThread "Common-Cleaner" daemon [_thread_blocked, id=35128, stack(0x000000b680000000,0x000000b680100000)]
  0x000001fee9d27b50 JavaThread "Java2D Disposer" daemon [_thread_blocked, id=26060, stack(0x000000b680100000,0x000000b680200000)]
  0x000001fee9d28440 JavaThread "AWT-Shutdown" [_thread_blocked, id=17760, stack(0x000000b680200000,0x000000b680300000)]
  0x000001fee9d46060 JavaThread "AWT-Windows" daemon [_thread_in_native, id=19940, stack(0x000000b680300000,0x000000b680400000)]
  0x000001feee349400 JavaThread "AWT-EventQueue-0" [_thread_blocked, id=20740, stack(0x000000b680500000,0x000000b680600000)]
  0x000001feee1f1ad0 JavaThread "DestroyJavaVM" [_thread_blocked, id=12444, stack(0x000000b6fed00000,0x000000b6fee00000)]
  0x000001feee1f0180 JavaThread "TimerQueue" daemon [_thread_blocked, id=9720, stack(0x000000b680900000,0x000000b680a00000)]
  0x000001feee1f0690 JavaThread "mysql-cj-abandoned-connection-cleanup" daemon [_thread_blocked, id=27988, stack(0x000000b680a00000,0x000000b680b00000)]

Other Threads:
  0x000001fee995dd90 VMThread "VM Thread" [stack: 0x000000b6ff300000,0x000000b6ff400000] [id=17732]
  0x000001fee9b40e10 WatcherThread [stack: 0x000000b6fff00000,0x000000b700000000] [id=31040]
  0x000001fec4010e00 GCTaskThread "GC Thread#0" [stack: 0x000000b6fee00000,0x000000b6fef00000] [id=29976]
  0x000001feee8373d0 GCTaskThread "GC Thread#1" [stack: 0x000000b680c00000,0x000000b680d00000] [id=880]
  0x000001feee53a9f0 GCTaskThread "GC Thread#2" [stack: 0x000000b680d00000,0x000000b680e00000] [id=30396]
  0x000001feee539d80 GCTaskThread "GC Thread#3" [stack: 0x000000b680e00000,0x000000b680f00000] [id=15576]
  0x000001fef00df970 GCTaskThread "GC Thread#4" [stack: 0x000000b680f00000,0x000000b681000000] [id=25296]
  0x000001fef00dfc30 GCTaskThread "GC Thread#5" [stack: 0x000000b681000000,0x000000b681100000] [id=13712]
  0x000001feee341510 GCTaskThread "GC Thread#6" [stack: 0x000000b681100000,0x000000b681200000] [id=38332]
  0x000001feee489f80 GCTaskThread "GC Thread#7" [stack: 0x000000b681200000,0x000000b681300000] [id=26364]
  0x000001feee48a640 GCTaskThread "GC Thread#8" [stack: 0x000000b681300000,0x000000b681400000] [id=8876]
  0x000001feee48ad10 GCTaskThread "GC Thread#9" [stack: 0x000000b681400000,0x000000b681500000] [id=38564]
  0x000001feee48afd0 GCTaskThread "GC Thread#10" [stack: 0x000000b681500000,0x000000b681600000] [id=37784]
  0x000001fec4021890 ConcurrentGCThread "G1 Main Marker" [stack: 0x000000b6fef00000,0x000000b6ff000000] [id=39032]
  0x000001fec40222b0 ConcurrentGCThread "G1 Conc#0" [stack: 0x000000b6ff000000,0x000000b6ff100000] [id=36200]
  0x000001fec405ec30 ConcurrentGCThread "G1 Refine#0" [stack: 0x000000b6ff100000,0x000000b6ff200000] [id=19744]
  0x000001fee9817c60 ConcurrentGCThread "G1 Service" [stack: 0x000000b6ff200000,0x000000b6ff300000] [id=38832]

Threads with active compile tasks:
C2 CompilerThread0  6435054 2585       4       java.lang.String::replace (42 bytes)

VM state: not at safepoint (normal execution)

VM Mutex/Monitor currently owned by a thread: None

Heap address: 0x0000000704c00000, size: 4020 MB, Compressed Oops mode: Zero based, Oop shift amount: 3

CDS archive(s) mapped at: [0x000001fe80000000-0x000001fe80bb0000-0x000001fe80bb0000), size 12255232, SharedBaseAddress: 0x000001fe80000000, ArchiveRelocationMode: 1.
Compressed class space mapped at: 0x000001fe81000000-0x000001fec1000000, reserved size: 1073741824
Narrow klass base: 0x000001fe80000000, Narrow klass shift: 0, Narrow klass range: 0x100000000

GC Precious Log:
 CPUs: 16 total, 16 available
 Memory: 16076M
 Large Page Support: Disabled
 NUMA Support: Disabled
 Compressed Oops: Enabled (Zero based)
 Heap Region Size: 2M
 Heap Min Capacity: 8M
 Heap Initial Capacity: 252M
 Heap Max Capacity: 4020M
 Pre-touch: Disabled
 Parallel Workers: 13
 Concurrent Workers: 3
 Concurrent Refinement Workers: 13
 Periodic GC: Disabled

Heap:
 garbage-first heap   total 258048K, used 47894K [0x0000000704c00000, 0x0000000800000000)
  region size 2048K, 13 young (26624K), 2 survivors (4096K)
 Metaspace       used 18711K, committed 18944K, reserved 1114112K
  class space    used 2096K, committed 2240K, reserved 1048576K

Heap Regions: E=young(eden), S=young(survivor), O=old, HS=humongous(starts), HC=humongous(continues), CS=collection set, F=free, OA=open archive, CA=closed archive, TAMS=top-at-mark-start (previous, next)
|   0|0x0000000704c00000, 0x0000000704e00000, 0x0000000704e00000|100%|HS|  |TAMS 0x0000000704c00000, 0x0000000704c00000| Complete 
|   1|0x0000000704e00000, 0x0000000705000000, 0x0000000705000000|100%|HC|  |TAMS 0x0000000704e00000, 0x0000000704e00000| Complete 
|   2|0x0000000705000000, 0x00000007050c5800, 0x0000000705200000| 38%| O|  |TAMS 0x0000000705000000, 0x0000000705000000| Untracked 
|   3|0x0000000705200000, 0x0000000705400000, 0x0000000705400000|100%|HS|  |TAMS 0x0000000705200000, 0x0000000705200000| Complete 
|   4|0x0000000705400000, 0x0000000705600000, 0x0000000705600000|100%|HC|  |TAMS 0x0000000705400000, 0x0000000705400000| Complete 
|   5|0x0000000705600000, 0x0000000705800000, 0x0000000705800000|100%|HC|  |TAMS 0x0000000705600000, 0x0000000705600000| Complete 
|   6|0x0000000705800000, 0x0000000705a00000, 0x0000000705a00000|100%|HS|  |TAMS 0x0000000705800000, 0x0000000705800000| Complete 
|   7|0x0000000705a00000, 0x0000000705c00000, 0x0000000705c00000|100%|HC|  |TAMS 0x0000000705a00000, 0x0000000705a00000| Complete 
|   8|0x0000000705c00000, 0x0000000705e00000, 0x0000000705e00000|100%|HC|  |TAMS 0x0000000705c00000, 0x0000000705c00000| Complete 
|   9|0x0000000705e00000, 0x0000000706000000, 0x0000000706000000|100%|HS|  |TAMS 0x0000000705e00000, 0x0000000705e00000| Complete 
|  10|0x0000000706000000, 0x0000000706200000, 0x0000000706200000|100%|HC|  |TAMS 0x0000000706000000, 0x0000000706000000| Complete 
|  11|0x0000000706200000, 0x0000000706400000, 0x0000000706400000|100%|HC|  |TAMS 0x0000000706200000, 0x0000000706200000| Complete 
|  12|0x0000000706400000, 0x0000000706600000, 0x0000000706600000|100%|HC|  |TAMS 0x0000000706400000, 0x0000000706400000| Complete 
|  13|0x0000000706600000, 0x0000000706600000, 0x0000000706800000|  0%| F|  |TAMS 0x0000000706600000, 0x0000000706600000| Untracked 
|  14|0x0000000706800000, 0x0000000706800000, 0x0000000706a00000|  0%| F|  |TAMS 0x0000000706800000, 0x0000000706800000| Untracked 
|  15|0x0000000706a00000, 0x0000000706a00000, 0x0000000706c00000|  0%| F|  |TAMS 0x0000000706a00000, 0x0000000706a00000| Untracked 
|  16|0x0000000706c00000, 0x0000000706c00000, 0x0000000706e00000|  0%| F|  |TAMS 0x0000000706c00000, 0x0000000706c00000| Untracked 
|  17|0x0000000706e00000, 0x0000000706e00000, 0x0000000707000000|  0%| F|  |TAMS 0x0000000706e00000, 0x0000000706e00000| Untracked 
|  18|0x0000000707000000, 0x0000000707000000, 0x0000000707200000|  0%| F|  |TAMS 0x0000000707000000, 0x0000000707000000| Untracked 
|  19|0x0000000707200000, 0x0000000707200000, 0x0000000707400000|  0%| F|  |TAMS 0x0000000707200000, 0x0000000707200000| Untracked 
|  20|0x0000000707400000, 0x0000000707400000, 0x0000000707600000|  0%| F|  |TAMS 0x0000000707400000, 0x0000000707400000| Untracked 
|  21|0x0000000707600000, 0x0000000707600000, 0x0000000707800000|  0%| F|  |TAMS 0x0000000707600000, 0x0000000707600000| Untracked 
|  22|0x0000000707800000, 0x0000000707800000, 0x0000000707a00000|  0%| F|  |TAMS 0x0000000707800000, 0x0000000707800000| Untracked 
|  23|0x0000000707a00000, 0x0000000707a00000, 0x0000000707c00000|  0%| F|  |TAMS 0x0000000707a00000, 0x0000000707a00000| Untracked 
|  24|0x0000000707c00000, 0x0000000707c00000, 0x0000000707e00000|  0%| F|  |TAMS 0x0000000707c00000, 0x0000000707c00000| Untracked 
|  25|0x0000000707e00000, 0x0000000707e00000, 0x0000000708000000|  0%| F|  |TAMS 0x0000000707e00000, 0x0000000707e00000| Untracked 
|  26|0x0000000708000000, 0x0000000708000000, 0x0000000708200000|  0%| F|  |TAMS 0x0000000708000000, 0x0000000708000000| Untracked 
|  27|0x0000000708200000, 0x0000000708200000, 0x0000000708400000|  0%| F|  |TAMS 0x0000000708200000, 0x0000000708200000| Untracked 
|  28|0x0000000708400000, 0x0000000708400000, 0x0000000708600000|  0%| F|  |TAMS 0x0000000708400000, 0x0000000708400000| Untracked 
|  29|0x0000000708600000, 0x0000000708600000, 0x0000000708800000|  0%| F|  |TAMS 0x0000000708600000, 0x0000000708600000| Untracked 
|  30|0x0000000708800000, 0x0000000708800000, 0x0000000708a00000|  0%| F|  |TAMS 0x0000000708800000, 0x0000000708800000| Untracked 
|  31|0x0000000708a00000, 0x0000000708a00000, 0x0000000708c00000|  0%| F|  |TAMS 0x0000000708a00000, 0x0000000708a00000| Untracked 
|  32|0x0000000708c00000, 0x0000000708c00000, 0x0000000708e00000|  0%| F|  |TAMS 0x0000000708c00000, 0x0000000708c00000| Untracked 
|  33|0x0000000708e00000, 0x0000000708e00000, 0x0000000709000000|  0%| F|  |TAMS 0x0000000708e00000, 0x0000000708e00000| Untracked 
|  34|0x0000000709000000, 0x0000000709000000, 0x0000000709200000|  0%| F|  |TAMS 0x0000000709000000, 0x0000000709000000| Untracked 
|  35|0x0000000709200000, 0x0000000709200000, 0x0000000709400000|  0%| F|  |TAMS 0x0000000709200000, 0x0000000709200000| Untracked 
|  36|0x0000000709400000, 0x0000000709400000, 0x0000000709600000|  0%| F|  |TAMS 0x0000000709400000, 0x0000000709400000| Untracked 
|  37|0x0000000709600000, 0x0000000709600000, 0x0000000709800000|  0%| F|  |TAMS 0x0000000709600000, 0x0000000709600000| Untracked 
|  38|0x0000000709800000, 0x0000000709800000, 0x0000000709a00000|  0%| F|  |TAMS 0x0000000709800000, 0x0000000709800000| Untracked 
|  39|0x0000000709a00000, 0x0000000709a00000, 0x0000000709c00000|  0%| F|  |TAMS 0x0000000709a00000, 0x0000000709a00000| Untracked 
|  40|0x0000000709c00000, 0x0000000709c00000, 0x0000000709e00000|  0%| F|  |TAMS 0x0000000709c00000, 0x0000000709c00000| Untracked 
|  41|0x0000000709e00000, 0x0000000709e00000, 0x000000070a000000|  0%| F|  |TAMS 0x0000000709e00000, 0x0000000709e00000| Untracked 
|  42|0x000000070a000000, 0x000000070a000000, 0x000000070a200000|  0%| F|  |TAMS 0x000000070a000000, 0x000000070a000000| Untracked 
|  43|0x000000070a200000, 0x000000070a200000, 0x000000070a400000|  0%| F|  |TAMS 0x000000070a200000, 0x000000070a200000| Untracked 
|  44|0x000000070a400000, 0x000000070a400000, 0x000000070a600000|  0%| F|  |TAMS 0x000000070a400000, 0x000000070a400000| Untracked 
|  45|0x000000070a600000, 0x000000070a600000, 0x000000070a800000|  0%| F|  |TAMS 0x000000070a600000, 0x000000070a600000| Untracked 
|  46|0x000000070a800000, 0x000000070a800000, 0x000000070aa00000|  0%| F|  |TAMS 0x000000070a800000, 0x000000070a800000| Untracked 
|  47|0x000000070aa00000, 0x000000070aa00000, 0x000000070ac00000|  0%| F|  |TAMS 0x000000070aa00000, 0x000000070aa00000| Untracked 
|  48|0x000000070ac00000, 0x000000070ac00000, 0x000000070ae00000|  0%| F|  |TAMS 0x000000070ac00000, 0x000000070ac00000| Untracked 
|  49|0x000000070ae00000, 0x000000070ae00000, 0x000000070b000000|  0%| F|  |TAMS 0x000000070ae00000, 0x000000070ae00000| Untracked 
|  50|0x000000070b000000, 0x000000070b000000, 0x000000070b200000|  0%| F|  |TAMS 0x000000070b000000, 0x000000070b000000| Untracked 
|  51|0x000000070b200000, 0x000000070b200000, 0x000000070b400000|  0%| F|  |TAMS 0x000000070b200000, 0x000000070b200000| Untracked 
|  52|0x000000070b400000, 0x000000070b400000, 0x000000070b600000|  0%| F|  |TAMS 0x000000070b400000, 0x000000070b400000| Untracked 
|  53|0x000000070b600000, 0x000000070b600000, 0x000000070b800000|  0%| F|  |TAMS 0x000000070b600000, 0x000000070b600000| Untracked 
|  54|0x000000070b800000, 0x000000070b800000, 0x000000070ba00000|  0%| F|  |TAMS 0x000000070b800000, 0x000000070b800000| Untracked 
|  55|0x000000070ba00000, 0x000000070ba00000, 0x000000070bc00000|  0%| F|  |TAMS 0x000000070ba00000, 0x000000070ba00000| Untracked 
|  56|0x000000070bc00000, 0x000000070bc00000, 0x000000070be00000|  0%| F|  |TAMS 0x000000070bc00000, 0x000000070bc00000| Untracked 
|  57|0x000000070be00000, 0x000000070be00000, 0x000000070c000000|  0%| F|  |TAMS 0x000000070be00000, 0x000000070be00000| Untracked 
|  58|0x000000070c000000, 0x000000070c000000, 0x000000070c200000|  0%| F|  |TAMS 0x000000070c000000, 0x000000070c000000| Untracked 
|  59|0x000000070c200000, 0x000000070c200000, 0x000000070c400000|  0%| F|  |TAMS 0x000000070c200000, 0x000000070c200000| Untracked 
|  60|0x000000070c400000, 0x000000070c400000, 0x000000070c600000|  0%| F|  |TAMS 0x000000070c400000, 0x000000070c400000| Untracked 
|  61|0x000000070c600000, 0x000000070c600000, 0x000000070c800000|  0%| F|  |TAMS 0x000000070c600000, 0x000000070c600000| Untracked 
|  62|0x000000070c800000, 0x000000070c800000, 0x000000070ca00000|  0%| F|  |TAMS 0x000000070c800000, 0x000000070c800000| Untracked 
|  63|0x000000070ca00000, 0x000000070ca00000, 0x000000070cc00000|  0%| F|  |TAMS 0x000000070ca00000, 0x000000070ca00000| Untracked 
|  64|0x000000070cc00000, 0x000000070cc00000, 0x000000070ce00000|  0%| F|  |TAMS 0x000000070cc00000, 0x000000070cc00000| Untracked 
|  65|0x000000070ce00000, 0x000000070ce00000, 0x000000070d000000|  0%| F|  |TAMS 0x000000070ce00000, 0x000000070ce00000| Untracked 
|  66|0x000000070d000000, 0x000000070d000000, 0x000000070d200000|  0%| F|  |TAMS 0x000000070d000000, 0x000000070d000000| Untracked 
|  67|0x000000070d200000, 0x000000070d200000, 0x000000070d400000|  0%| F|  |TAMS 0x000000070d200000, 0x000000070d200000| Untracked 
|  68|0x000000070d400000, 0x000000070d400000, 0x000000070d600000|  0%| F|  |TAMS 0x000000070d400000, 0x000000070d400000| Untracked 
|  69|0x000000070d600000, 0x000000070d600000, 0x000000070d800000|  0%| F|  |TAMS 0x000000070d600000, 0x000000070d600000| Untracked 
|  70|0x000000070d800000, 0x000000070d800000, 0x000000070da00000|  0%| F|  |TAMS 0x000000070d800000, 0x000000070d800000| Untracked 
|  71|0x000000070da00000, 0x000000070da00000, 0x000000070dc00000|  0%| F|  |TAMS 0x000000070da00000, 0x000000070da00000| Untracked 
|  72|0x000000070dc00000, 0x000000070dc00000, 0x000000070de00000|  0%| F|  |TAMS 0x000000070dc00000, 0x000000070dc00000| Untracked 
|  73|0x000000070de00000, 0x000000070de00000, 0x000000070e000000|  0%| F|  |TAMS 0x000000070de00000, 0x000000070de00000| Untracked 
|  74|0x000000070e000000, 0x000000070e000000, 0x000000070e200000|  0%| F|  |TAMS 0x000000070e000000, 0x000000070e000000| Untracked 
|  75|0x000000070e200000, 0x000000070e200000, 0x000000070e400000|  0%| F|  |TAMS 0x000000070e200000, 0x000000070e200000| Untracked 
|  76|0x000000070e400000, 0x000000070e400000, 0x000000070e600000|  0%| F|  |TAMS 0x000000070e400000, 0x000000070e400000| Untracked 
|  77|0x000000070e600000, 0x000000070e600000, 0x000000070e800000|  0%| F|  |TAMS 0x000000070e600000, 0x000000070e600000| Untracked 
|  78|0x000000070e800000, 0x000000070e800000, 0x000000070ea00000|  0%| F|  |TAMS 0x000000070e800000, 0x000000070e800000| Untracked 
|  79|0x000000070ea00000, 0x000000070ea00000, 0x000000070ec00000|  0%| F|  |TAMS 0x000000070ea00000, 0x000000070ea00000| Untracked 
|  80|0x000000070ec00000, 0x000000070ec00000, 0x000000070ee00000|  0%| F|  |TAMS 0x000000070ec00000, 0x000000070ec00000| Untracked 
|  81|0x000000070ee00000, 0x000000070ee00000, 0x000000070f000000|  0%| F|  |TAMS 0x000000070ee00000, 0x000000070ee00000| Untracked 
|  82|0x000000070f000000, 0x000000070f000000, 0x000000070f200000|  0%| F|  |TAMS 0x000000070f000000, 0x000000070f000000| Untracked 
|  83|0x000000070f200000, 0x000000070f200000, 0x000000070f400000|  0%| F|  |TAMS 0x000000070f200000, 0x000000070f200000| Untracked 
|  84|0x000000070f400000, 0x000000070f400000, 0x000000070f600000|  0%| F|  |TAMS 0x000000070f400000, 0x000000070f400000| Untracked 
|  85|0x000000070f600000, 0x000000070f600000, 0x000000070f800000|  0%| F|  |TAMS 0x000000070f600000, 0x000000070f600000| Untracked 
|  86|0x000000070f800000, 0x000000070f800000, 0x000000070fa00000|  0%| F|  |TAMS 0x000000070f800000, 0x000000070f800000| Untracked 
|  87|0x000000070fa00000, 0x000000070fa00000, 0x000000070fc00000|  0%| F|  |TAMS 0x000000070fa00000, 0x000000070fa00000| Untracked 
|  88|0x000000070fc00000, 0x000000070fc00000, 0x000000070fe00000|  0%| F|  |TAMS 0x000000070fc00000, 0x000000070fc00000| Untracked 
|  89|0x000000070fe00000, 0x000000070fe00000, 0x0000000710000000|  0%| F|  |TAMS 0x000000070fe00000, 0x000000070fe00000| Untracked 
|  90|0x0000000710000000, 0x0000000710000000, 0x0000000710200000|  0%| F|  |TAMS 0x0000000710000000, 0x0000000710000000| Untracked 
|  91|0x0000000710200000, 0x0000000710200000, 0x0000000710400000|  0%| F|  |TAMS 0x0000000710200000, 0x0000000710200000| Untracked 
|  92|0x0000000710400000, 0x0000000710400000, 0x0000000710600000|  0%| F|  |TAMS 0x0000000710400000, 0x0000000710400000| Untracked 
|  93|0x0000000710600000, 0x0000000710600000, 0x0000000710800000|  0%| F|  |TAMS 0x0000000710600000, 0x0000000710600000| Untracked 
|  94|0x0000000710800000, 0x0000000710800000, 0x0000000710a00000|  0%| F|  |TAMS 0x0000000710800000, 0x0000000710800000| Untracked 
|  95|0x0000000710a00000, 0x0000000710a00000, 0x0000000710c00000|  0%| F|  |TAMS 0x0000000710a00000, 0x0000000710a00000| Untracked 
|  96|0x0000000710c00000, 0x0000000710c00000, 0x0000000710e00000|  0%| F|  |TAMS 0x0000000710c00000, 0x0000000710c00000| Untracked 
|  97|0x0000000710e00000, 0x0000000710e00000, 0x0000000711000000|  0%| F|  |TAMS 0x0000000710e00000, 0x0000000710e00000| Untracked 
|  98|0x0000000711000000, 0x0000000711000000, 0x0000000711200000|  0%| F|  |TAMS 0x0000000711000000, 0x0000000711000000| Untracked 
|  99|0x0000000711200000, 0x0000000711200000, 0x0000000711400000|  0%| F|  |TAMS 0x0000000711200000, 0x0000000711200000| Untracked 
| 100|0x0000000711400000, 0x0000000711400000, 0x0000000711600000|  0%| F|  |TAMS 0x0000000711400000, 0x0000000711400000| Untracked 
| 101|0x0000000711600000, 0x0000000711600000, 0x0000000711800000|  0%| F|  |TAMS 0x0000000711600000, 0x0000000711600000| Untracked 
| 102|0x0000000711800000, 0x0000000711800000, 0x0000000711a00000|  0%| F|  |TAMS 0x0000000711800000, 0x0000000711800000| Untracked 
| 103|0x0000000711a00000, 0x0000000711a00000, 0x0000000711c00000|  0%| F|  |TAMS 0x0000000711a00000, 0x0000000711a00000| Untracked 
| 104|0x0000000711c00000, 0x0000000711c00000, 0x0000000711e00000|  0%| F|  |TAMS 0x0000000711c00000, 0x0000000711c00000| Untracked 
| 105|0x0000000711e00000, 0x0000000711e00000, 0x0000000712000000|  0%| F|  |TAMS 0x0000000711e00000, 0x0000000711e00000| Untracked 
| 106|0x0000000712000000, 0x0000000712000000, 0x0000000712200000|  0%| F|  |TAMS 0x0000000712000000, 0x0000000712000000| Untracked 
| 107|0x0000000712200000, 0x0000000712200000, 0x0000000712400000|  0%| F|  |TAMS 0x0000000712200000, 0x0000000712200000| Untracked 
| 108|0x0000000712400000, 0x0000000712400000, 0x0000000712600000|  0%| F|  |TAMS 0x0000000712400000, 0x0000000712400000| Untracked 
| 109|0x0000000712600000, 0x0000000712600000, 0x0000000712800000|  0%| F|  |TAMS 0x0000000712600000, 0x0000000712600000| Untracked 
| 110|0x0000000712800000, 0x0000000712800000, 0x0000000712a00000|  0%| F|  |TAMS 0x0000000712800000, 0x0000000712800000| Untracked 
| 111|0x0000000712a00000, 0x0000000712a00000, 0x0000000712c00000|  0%| F|  |TAMS 0x0000000712a00000, 0x0000000712a00000| Untracked 
| 112|0x0000000712c00000, 0x0000000712c00000, 0x0000000712e00000|  0%| F|  |TAMS 0x0000000712c00000, 0x0000000712c00000| Untracked 
| 113|0x0000000712e00000, 0x0000000713000000, 0x0000000713000000|100%| S|CS|TAMS 0x0000000712e00000, 0x0000000712e00000| Complete 
| 114|0x0000000713000000, 0x0000000713200000, 0x0000000713200000|100%| S|CS|TAMS 0x0000000713000000, 0x0000000713000000| Complete 
| 115|0x0000000713200000, 0x0000000713400000, 0x0000000713400000|100%| E|  |TAMS 0x0000000713200000, 0x0000000713200000| Complete 
| 116|0x0000000713400000, 0x0000000713600000, 0x0000000713600000|100%| E|CS|TAMS 0x0000000713400000, 0x0000000713400000| Complete 
| 117|0x0000000713600000, 0x0000000713800000, 0x0000000713800000|100%| E|CS|TAMS 0x0000000713600000, 0x0000000713600000| Complete 
| 118|0x0000000713800000, 0x0000000713a00000, 0x0000000713a00000|100%| E|  |TAMS 0x0000000713800000, 0x0000000713800000| Complete 
| 119|0x0000000713a00000, 0x0000000713c00000, 0x0000000713c00000|100%| E|CS|TAMS 0x0000000713a00000, 0x0000000713a00000| Complete 
| 120|0x0000000713c00000, 0x0000000713e00000, 0x0000000713e00000|100%| E|CS|TAMS 0x0000000713c00000, 0x0000000713c00000| Complete 
| 121|0x0000000713e00000, 0x0000000714000000, 0x0000000714000000|100%| E|CS|TAMS 0x0000000713e00000, 0x0000000713e00000| Complete 
| 122|0x0000000714000000, 0x0000000714200000, 0x0000000714200000|100%| E|CS|TAMS 0x0000000714000000, 0x0000000714000000| Complete 
| 123|0x0000000714200000, 0x0000000714400000, 0x0000000714400000|100%| E|CS|TAMS 0x0000000714200000, 0x0000000714200000| Complete 
| 124|0x0000000714400000, 0x0000000714600000, 0x0000000714600000|100%| E|CS|TAMS 0x0000000714400000, 0x0000000714400000| Complete 
| 125|0x0000000714600000, 0x0000000714800000, 0x0000000714800000|100%| E|CS|TAMS 0x0000000714600000, 0x0000000714600000| Complete 

Card table byte_map: [0x000001feddb50000,0x000001fede330000] _byte_map_base: 0x000001feda32a000

Marking Bits (Prev, Next): (CMBitMap*) 0x000001fec4011420, (CMBitMap*) 0x000001fec4011460
 Prev Bits: [0x000001fedeb10000, 0x000001fee29e0000)
 Next Bits: [0x000001fee29e0000, 0x000001fee68b0000)

Polling page: 0x000001fec4060000

Metaspace:

Usage:
  Non-class:     16.23 MB used.
      Class:      2.05 MB used.
       Both:     18.27 MB used.

Virtual space:
  Non-class space:       64.00 MB reserved,      16.31 MB ( 25%) committed,  1 nodes.
      Class space:        1.00 GB reserved,       2.19 MB ( <1%) committed,  1 nodes.
             Both:        1.06 GB reserved,      18.50 MB (  2%) committed. 

Chunk freelists:
   Non-Class:  15.00 MB
       Class:  13.72 MB
        Both:  28.72 MB

MaxMetaspaceSize: unlimited
CompressedClassSpaceSize: 1.00 GB
Initial GC threshold: 21.00 MB
Current GC threshold: 21.00 MB
CDS: on
MetaspaceReclaimPolicy: balanced
 - commit_granule_bytes: 65536.
 - commit_granule_words: 8192.
 - virtual_space_node_default_size: 8388608.
 - enlarge_chunks_in_place: 1.
 - new_chunks_are_fully_committed: 0.
 - uncommit_free_chunks: 1.
 - use_allocation_guard: 0.
 - handle_deallocations: 1.


Internal statistics:

num_allocs_failed_limit: 0.
num_arena_births: 162.
num_arena_deaths: 0.
num_vsnodes_births: 2.
num_vsnodes_deaths: 0.
num_space_committed: 296.
num_space_uncommitted: 0.
num_chunks_returned_to_freelist: 0.
num_chunks_taken_from_freelist: 407.
num_chunk_merges: 0.
num_chunk_splits: 227.
num_chunks_enlarged: 121.
num_inconsistent_stats: 0.

CodeHeap 'non-profiled nmethods': size=119168Kb used=748Kb max_used=748Kb free=118419Kb
 bounds [0x000001fed5040000, 0x000001fed52b0000, 0x000001fedc4a0000]
CodeHeap 'profiled nmethods': size=119104Kb used=5068Kb max_used=5068Kb free=114035Kb
 bounds [0x000001fecd4a0000, 0x000001fecd9a0000, 0x000001fed48f0000]
CodeHeap 'non-nmethods': size=7488Kb used=1365Kb max_used=3071Kb free=6122Kb
 bounds [0x000001fed48f0000, 0x000001fed4c00000, 0x000001fed5040000]
 total_blobs=3297 nmethods=2584 adapters=625
 compilation: enabled
              stopped_count=0, restarted_count=0
 full_count=0

Compilation events (20 events):
Event: 575.345 Thread 0x000001fee9989350 nmethod 2574 0x000001fecd98d210 code [0x000001fecd98d400, 0x000001fecd98da18]
Event: 595.386 Thread 0x000001fee9989350 2575       1       jdk.internal.loader.URLClassPath$FileLoader$1::getURL (5 bytes)
Event: 595.386 Thread 0x000001fee9989350 nmethod 2575 0x000001fed50f9f10 code [0x000001fed50fa0a0, 0x000001fed50fa178]
Event: 996.052 Thread 0x000001fee9989350 2577       3       jdk.internal.loader.URLClassPath::findResource (38 bytes)
Event: 996.053 Thread 0x000001fee9989350 nmethod 2577 0x000001fecd98dc10 code [0x000001fecd98dde0, 0x000001fecd98e138]
Event: 1066.162 Thread 0x000001fee9989350 2578       3       java.lang.Thread::getContextClassLoader (32 bytes)
Event: 1066.164 Thread 0x000001fee9989350 nmethod 2578 0x000001fecd98e290 code [0x000001fecd98e4c0, 0x000001fecd98eeb8]
Event: 1191.364 Thread 0x000001fee9989350 2579       3       jdk.internal.loader.URLClassPath$FileLoader::findResource (18 bytes)
Event: 1191.365 Thread 0x000001fee9989350 nmethod 2579 0x000001fecd98f210 code [0x000001fecd98f3c0, 0x000001fecd98f638]
Event: 1241.467 Thread 0x000001fee9989350 2580   !   3       jdk.internal.loader.URLClassPath::check (125 bytes)
Event: 1241.469 Thread 0x000001fee9989350 nmethod 2580 0x000001fecd98f710 code [0x000001fecd98f9c0, 0x000001fecd9909e8]
Event: 1291.581 Thread 0x000001fee9989350 2581   !   3       com.mysql.cj.jdbc.AbandonedConnectionCleanupThread::checkThreadContextClassLoader (20 bytes)
Event: 1291.583 Thread 0x000001fee9989350 nmethod 2581 0x000001fecd990e90 code [0x000001fecd991120, 0x000001fecd992078]
Event: 5513.954 Thread 0x000001fee9989350 2582       3       java.beans.PropertyChangeSupport::firePropertyChange (35 bytes)
Event: 5513.954 Thread 0x000001fee9989350 nmethod 2582 0x000001fecd992690 code [0x000001fecd992880, 0x000001fecd993048]
Event: 6016.318 Thread 0x000001fee9987ed0 2583       4       sun.net.www.ParseUtil::firstEncodeIndex (86 bytes)
Event: 6016.325 Thread 0x000001fee9987ed0 nmethod 2583 0x000001fed50fa610 code [0x000001fed50fa7a0, 0x000001fed50fa998]
Event: 6041.362 Thread 0x000001fee9987ed0 2584       4       java.io.WinNTFileSystem::normalize (143 bytes)
Event: 6041.368 Thread 0x000001fee9987ed0 nmethod 2584 0x000001fed50fab90 code [0x000001fed50fad40, 0x000001fed50faff0]
Event: 6431.968 Thread 0x000001fee9987ed0 2585       4       java.lang.String::replace (42 bytes)

GC Heap History (2 events):
Event: 14.808 GC heap before
{Heap before GC invocations=0 (full 0):
 garbage-first heap   total 258048K, used 26624K [0x0000000704c00000, 0x0000000800000000)
  region size 2048K, 11 young (22528K), 0 survivors (0K)
 Metaspace       used 12100K, committed 12288K, reserved 1114112K
  class space    used 1336K, committed 1408K, reserved 1048576K
}
Event: 14.815 GC heap after
{Heap after GC invocations=1 (full 0):
 garbage-first heap   total 258048K, used 8982K [0x0000000704c00000, 0x0000000800000000)
  region size 2048K, 2 young (4096K), 2 survivors (4096K)
 Metaspace       used 12100K, committed 12288K, reserved 1114112K
  class space    used 1336K, committed 1408K, reserved 1048576K
}

Dll operation events (12 events):
Event: 0.014 Loaded shared library C:\Program Files\Eclipse Adoptium\jdk-17.0.12.7-hotspot\bin\java.dll
Event: 0.046 Loaded shared library C:\Program Files\Eclipse Adoptium\jdk-17.0.12.7-hotspot\bin\jsvml.dll
Event: 0.108 Loaded shared library C:\Program Files\Eclipse Adoptium\jdk-17.0.12.7-hotspot\bin\jimage.dll
Event: 0.115 Loaded shared library C:\Program Files\Eclipse Adoptium\jdk-17.0.12.7-hotspot\bin\net.dll
Event: 0.117 Loaded shared library C:\Program Files\Eclipse Adoptium\jdk-17.0.12.7-hotspot\bin\nio.dll
Event: 0.121 Loaded shared library C:\Program Files\Eclipse Adoptium\jdk-17.0.12.7-hotspot\bin\zip.dll
Event: 0.142 Loaded shared library C:\Program Files\Eclipse Adoptium\jdk-17.0.12.7-hotspot\bin\awt.dll
Event: 0.413 Loaded shared library C:\Program Files\Eclipse Adoptium\jdk-17.0.12.7-hotspot\bin\javajpeg.dll
Event: 0.522 Loaded shared library C:\Program Files\Eclipse Adoptium\jdk-17.0.12.7-hotspot\bin\freetype.dll
Event: 0.523 Loaded shared library C:\Program Files\Eclipse Adoptium\jdk-17.0.12.7-hotspot\bin\fontmanager.dll
Event: 14.692 Loaded shared library C:\Program Files\Eclipse Adoptium\jdk-17.0.12.7-hotspot\bin\extnet.dll
Event: 14.829 Loaded shared library C:\Program Files\Eclipse Adoptium\jdk-17.0.12.7-hotspot\bin\sunmscapi.dll

Deoptimization events (20 events):
Event: 15.454 Thread 0x000001feee1f0ba0 DEOPT PACKING pc=0x000001fecd58593d sp=0x000000b6817fe710
Event: 15.454 Thread 0x000001feee1f0ba0 DEOPT UNPACKING pc=0x000001fed4947143 sp=0x000000b6817fdba0 mode 0
Event: 17.836 Thread 0x000001feee349400 DEOPT PACKING pc=0x000001fecd8c5b84 sp=0x000000b6805fca30
Event: 17.836 Thread 0x000001feee349400 DEOPT UNPACKING pc=0x000001fed4947143 sp=0x000000b6805fbf00 mode 0
Event: 17.837 Thread 0x000001feee349400 DEOPT PACKING pc=0x000001fecd8c5b84 sp=0x000000b6805fca30
Event: 17.837 Thread 0x000001feee349400 DEOPT UNPACKING pc=0x000001fed4947143 sp=0x000000b6805fbf00 mode 0
Event: 17.840 Thread 0x000001feee349400 DEOPT PACKING pc=0x000001fecd8c5b84 sp=0x000000b6805fca10
Event: 17.840 Thread 0x000001feee349400 DEOPT UNPACKING pc=0x000001fed4947143 sp=0x000000b6805fbe80 mode 0
Event: 17.840 Thread 0x000001feee349400 DEOPT PACKING pc=0x000001fecd8c5b84 sp=0x000000b6805fca10
Event: 17.840 Thread 0x000001feee349400 DEOPT UNPACKING pc=0x000001fed4947143 sp=0x000000b6805fbe80 mode 0
Event: 17.843 Thread 0x000001feee349400 DEOPT PACKING pc=0x000001fecd8c5b84 sp=0x000000b6805fca10
Event: 17.843 Thread 0x000001feee349400 DEOPT UNPACKING pc=0x000001fed4947143 sp=0x000000b6805fbe80 mode 0
Event: 17.844 Thread 0x000001feee349400 DEOPT PACKING pc=0x000001fecd8c5b84 sp=0x000000b6805fca10
Event: 17.844 Thread 0x000001feee349400 DEOPT UNPACKING pc=0x000001fed4947143 sp=0x000000b6805fbe80 mode 0
Event: 17.845 Thread 0x000001feee349400 DEOPT PACKING pc=0x000001fecd8c5b84 sp=0x000000b6805fca10
Event: 17.845 Thread 0x000001feee349400 DEOPT UNPACKING pc=0x000001fed4947143 sp=0x000000b6805fbe80 mode 0
Event: 17.846 Thread 0x000001feee349400 DEOPT PACKING pc=0x000001fecd8c5b84 sp=0x000000b6805fca10
Event: 17.846 Thread 0x000001feee349400 DEOPT UNPACKING pc=0x000001fed4947143 sp=0x000000b6805fbe80 mode 0
Event: 17.847 Thread 0x000001feee349400 DEOPT PACKING pc=0x000001fecd8c5b84 sp=0x000000b6805fca10
Event: 17.847 Thread 0x000001feee349400 DEOPT UNPACKING pc=0x000001fed4947143 sp=0x000000b6805fbe80 mode 0

Classes loaded (20 events):
Event: 17.821 Loading class javax/swing/Popup
Event: 17.821 Loading class javax/swing/Popup done
Event: 17.821 Loading class javax/swing/PopupFactory$ContainerPopup done
Event: 17.821 Loading class javax/swing/PopupFactory$LightWeightPopup done
Event: 17.822 Loading class javax/swing/JDialog
Event: 17.823 Loading class javax/swing/JDialog done
Event: 17.824 Loading class javax/swing/JApplet
Event: 17.825 Loading class javax/swing/JApplet done
Event: 17.849 Loading class sun/awt/UngrabEvent
Event: 17.849 Loading class sun/awt/UngrabEvent done
Event: 18.003 Loading class javax/swing/event/MenuDragMouseEvent
Event: 18.003 Loading class javax/swing/event/MenuDragMouseEvent done
Event: 21.524 Loading class javax/swing/plaf/basic/BasicMenuItemUI$Actions
Event: 21.524 Loading class javax/swing/plaf/basic/BasicMenuItemUI$Actions done
Event: 21.525 Loading class javax/swing/JCheckBoxMenuItem
Event: 21.543 Loading class javax/swing/JCheckBoxMenuItem done
Event: 21.543 Loading class javax/swing/JRadioButtonMenuItem
Event: 21.543 Loading class javax/swing/JRadioButtonMenuItem done
Event: 21.545 Loading class javax/swing/plaf/basic/BasicPopupMenuUI$MouseGrabber$2
Event: 21.545 Loading class javax/swing/plaf/basic/BasicPopupMenuUI$MouseGrabber$2 done

Classes unloaded (0 events):
No events

Classes redefined (0 events):
No events

Internal exceptions (20 events):
Event: 0.304 Thread 0x000001fec3fa4100 Exception <a 'java/lang/ClassNotFoundException'{0x00000007142b5550}: com/sun/swing/internal/plaf/basic/resources/spi/basicProvider> (0x00000007142b5550) 
thrown [s\src\hotspot\share\classfile\systemDictionary.cpp, line 256]
Event: 0.414 Thread 0x000001feee1ac200 Exception <a 'java/lang/NoSuchMethodError'{0x000000071435e540}: 'java.lang.Object java.lang.invoke.DirectMethodHandle$Holder.newInvokeSpecial(java.lang.Object, java.lang.Object, java.lang.Object, int, int, int, int, int)'> (0x000000071435e540) 
thrown [s\src\hotspot\share\interpreter\linkResolver.cpp, line 759]
Event: 0.501 Thread 0x000001fee9d46060 Exception <a 'java/lang/NoSuchMethodError'{0x0000000714562950}: 'void java.lang.invoke.DirectMethodHandle$Holder.invokeVirtual(java.lang.Object, java.lang.Object)'> (0x0000000714562950) 
thrown [s\src\hotspot\share\interpreter\linkResolver.cpp, line 759]
Event: 0.518 Thread 0x000001fec3fa4100 Exception <a 'java/lang/NoSuchMethodError'{0x0000000714317ed8}: 'void java.lang.invoke.DirectMethodHandle$Holder.invokeStaticInit(java.lang.Object)'> (0x0000000714317ed8) 
thrown [s\src\hotspot\share\interpreter\linkResolver.cpp, line 759]
Event: 14.539 Thread 0x000001feee349400 Exception <a 'java/lang/NoSuchMethodError'{0x000000071383dd48}: 'java.lang.Object java.lang.invoke.DirectMethodHandle$Holder.invokeInterface(java.lang.Object, java.lang.Object)'> (0x000000071383dd48) 
thrown [s\src\hotspot\share\interpreter\linkResolver.cpp, line 759]
Event: 14.572 Thread 0x000001feee349400 Exception <a 'java/lang/NoSuchMethodError'{0x00000007138cba48}: 'void java.lang.invoke.DirectMethodHandle$Holder.invokeStatic(java.lang.Object, java.lang.Object, java.lang.Object)'> (0x00000007138cba48) 
thrown [s\src\hotspot\share\interpreter\linkResolver.cpp, line 759]
Event: 14.574 Thread 0x000001feee349400 Exception <a 'java/lang/NoSuchMethodError'{0x00000007138d5f80}: 'java.lang.Object java.lang.invoke.DirectMethodHandle$Holder.invokeVirtual(java.lang.Object, java.lang.Object, java.lang.Object)'> (0x00000007138d5f80) 
thrown [s\src\hotspot\share\interpreter\linkResolver.cpp, line 759]
Event: 14.694 Thread 0x000001feee349400 Exception <a 'java/lang/NoSuchMethodError'{0x00000007134db4d0}: 'void java.lang.invoke.DirectMethodHandle$Holder.invokeStatic(java.lang.Object, java.lang.Object)'> (0x00000007134db4d0) 
thrown [s\src\hotspot\share\interpreter\linkResolver.cpp, line 759]
Event: 14.785 Thread 0x000001feee349400 Exception <a 'java/lang/NoSuchMethodError'{0x00000007133b5518}: 'void java.lang.invoke.DirectMethodHandle$Holder.invokeStaticInit(java.lang.Object, java.lang.Object)'> (0x00000007133b5518) 
thrown [s\src\hotspot\share\interpreter\linkResolver.cpp, line 759]
Event: 14.877 Thread 0x000001feee349400 Exception <a 'sun/nio/fs/WindowsException'{0x00000007147b9ee0}> (0x00000007147b9ee0) 
thrown [s\src\hotspot\share\prims\jni.cpp, line 516]
Event: 14.893 Thread 0x000001feee349400 Exception <a 'java/lang/NoSuchMethodError'{0x00000007147de368}: 'int java.lang.invoke.DirectMethodHandle$Holder.invokeStaticInit(java.lang.Object, java.lang.Object, java.lang.Object, java.lang.Object)'> (0x00000007147de368) 
thrown [s\src\hotspot\share\interpreter\linkResolver.cpp, line 759]
Event: 14.894 Thread 0x000001feee349400 Exception <a 'java/lang/IncompatibleClassChangeError'{0x00000007147e7848}: Found class java.lang.Object, but interface was expected> (0x00000007147e7848) 
thrown [s\src\hotspot\share\interpreter\linkResolver.cpp, line 826]
Event: 14.896 Thread 0x000001feee349400 Exception <a 'java/lang/NoSuchMethodError'{0x0000000714401390}: 'int java.lang.invoke.DirectMethodHandle$Holder.invokeStaticInit(java.lang.Object, java.lang.Object)'> (0x0000000714401390) 
thrown [s\src\hotspot\share\interpreter\linkResolver.cpp, line 759]
Event: 14.942 Thread 0x000001feee349400 Exception <a 'java/lang/NoSuchMethodError'{0x00000007144c3360}: 'java.lang.Object java.lang.invoke.DirectMethodHandle$Holder.invokeStaticInit(java.lang.Object, int, int, int, int)'> (0x00000007144c3360) 
thrown [s\src\hotspot\share\interpreter\linkResolver.cpp, line 759]
Event: 14.983 Thread 0x000001feee349400 Exception <a 'java/lang/NoSuchMethodError'{0x0000000714501e60}: 'java.lang.Object java.lang.invoke.DirectMethodHandle$Holder.invokeStaticInit(java.lang.Object, java.lang.Object, int, int, int, int)'> (0x0000000714501e60) 
thrown [s\src\hotspot\share\interpreter\linkResolver.cpp, line 759]
Event: 15.043 Thread 0x000001feee349400 Exception <a 'java/lang/NoSuchMethodError'{0x00000007145730d8}: 'int java.lang.invoke.DirectMethodHandle$Holder.invokeSpecial(java.lang.Object, java.lang.Object, java.lang.Object)'> (0x00000007145730d8) 
thrown [s\src\hotspot\share\interpreter\linkResolver.cpp, line 759]
Event: 15.188 Thread 0x000001feee349400 Exception <a 'java/lang/NoSuchMethodError'{0x00000007142dc9d8}: 'void java.lang.invoke.DirectMethodHandle$Holder.invokeStatic(java.lang.Object, java.lang.Object, java.lang.Object, java.lang.Object)'> (0x00000007142dc9d8) 
thrown [s\src\hotspot\share\interpreter\linkResolver.cpp, line 759]
Event: 15.213 Thread 0x000001feee349400 Exception <a 'java/lang/NoSuchMethodError'{0x0000000714353320}: 'void java.lang.invoke.DirectMethodHandle$Holder.invokeInterface(java.lang.Object, java.lang.Object, java.lang.Object, java.lang.Object)'> (0x0000000714353320) 
thrown [s\src\hotspot\share\interpreter\linkResolver.cpp, line 759]
Event: 15.360 Thread 0x000001feee1f0ba0 Implicit null exception at 0x000001fed50bf8f5 to 0x000001fed50bfee8
Event: 15.360 Thread 0x000001feee1f0ba0 Implicit null exception at 0x000001fed50bbcf2 to 0x000001fed50bc2e8

VM Operations (20 events):
Event: 17.825 Executing VM operation: HandshakeAllThreads
Event: 17.825 Executing VM operation: HandshakeAllThreads done
Event: 18.827 Executing VM operation: Cleanup
Event: 18.827 Executing VM operation: Cleanup done
Event: 19.842 Executing VM operation: Cleanup
Event: 19.842 Executing VM operation: Cleanup done
Event: 21.857 Executing VM operation: Cleanup
Event: 21.858 Executing VM operation: Cleanup done
Event: 22.868 Executing VM operation: Cleanup
Event: 22.868 Executing VM operation: Cleanup done
Event: 23.875 Executing VM operation: Cleanup
Event: 23.875 Executing VM operation: Cleanup done
Event: 60.219 Executing VM operation: HandshakeAllThreads
Event: 60.219 Executing VM operation: HandshakeAllThreads done
Event: 580.876 Executing VM operation: Cleanup
Event: 580.876 Executing VM operation: Cleanup done
Event: 1006.259 Executing VM operation: Cleanup
Event: 1006.259 Executing VM operation: Cleanup done
Event: 1196.636 Executing VM operation: Cleanup
Event: 1196.636 Executing VM operation: Cleanup done

Events (20 events):
Event: 12.983 Thread 0x000001feee24fea0 Thread exited: 0x000001feee24fea0
Event: 13.206 Thread 0x000001feee24fea0 Thread added: 0x000001feee24fea0
Event: 14.489 Thread 0x000001feee1f0690 Thread added: 0x000001feee1f0690
Event: 14.558 Thread 0x000001feee255640 Thread added: 0x000001feee255640
Event: 15.112 Thread 0x000001feee5ff830 Thread added: 0x000001feee5ff830
Event: 15.114 Thread 0x000001fef024f0a0 Thread added: 0x000001fef024f0a0
Event: 15.115 Thread 0x000001fef024f5c0 Thread added: 0x000001fef024f5c0
Event: 15.259 Thread 0x000001fef024f5c0 Thread exited: 0x000001fef024f5c0
Event: 15.284 Thread 0x000001fee9b96dc0 Thread added: 0x000001fee9b96dc0
Event: 15.289 Thread 0x000001fee9a27b60 Thread added: 0x000001fee9a27b60
Event: 15.317 Thread 0x000001fef024f0a0 Thread exited: 0x000001fef024f0a0
Event: 15.350 Thread 0x000001feee1f0ba0 Thread added: 0x000001feee1f0ba0
Event: 15.660 Thread 0x000001feee5ff830 Thread exited: 0x000001feee5ff830
Event: 15.724 Thread 0x000001feee255640 Thread exited: 0x000001feee255640
Event: 16.028 Thread 0x000001feee2ae310 Thread added: 0x000001feee2ae310
Event: 16.620 Thread 0x000001feee2ae310 Thread exited: 0x000001feee2ae310
Event: 16.620 Thread 0x000001fee9b96dc0 Thread exited: 0x000001fee9b96dc0
Event: 16.620 Thread 0x000001fee9a27b60 Thread exited: 0x000001fee9a27b60
Event: 20.841 Thread 0x000001feee1f0ba0 Thread exited: 0x000001feee1f0ba0
Event: 26.557 Thread 0x000001feee24fea0 Thread exited: 0x000001feee24fea0


Dynamic libraries:
0x00007ff700b30000 - 0x00007ff700b3e000 	C:\Program Files\Eclipse Adoptium\jdk-17.0.12.7-hotspot\bin\java.exe
0x00007ff89dae0000 - 0x00007ff89dd43000 	C:\WINDOWS\SYSTEM32\ntdll.dll
0x00007ff89c010000 - 0x00007ff89c0d7000 	C:\WINDOWS\System32\KERNEL32.DLL
0x00007ff89b530000 - 0x00007ff89b8f9000 	C:\WINDOWS\System32\KERNELBASE.dll
0x00007ff89ace0000 - 0x00007ff89ae2c000 	C:\WINDOWS\System32\ucrtbase.dll
0x00007ff857fe0000 - 0x00007ff857ff7000 	C:\Program Files\Eclipse Adoptium\jdk-17.0.12.7-hotspot\bin\jli.dll
0x00007ff857f00000 - 0x00007ff857f1b000 	C:\Program Files\Eclipse Adoptium\jdk-17.0.12.7-hotspot\bin\VCRUNTIME140.dll
0x00007ff89d8d0000 - 0x00007ff89da9a000 	C:\WINDOWS\System32\USER32.dll
0x00007ff89b100000 - 0x00007ff89b127000 	C:\WINDOWS\System32\win32u.dll
0x00007ff871670000 - 0x00007ff871900000 	C:\WINDOWS\WinSxS\amd64_microsoft.windows.common-controls_6595b64144ccf1df_6.0.26100.3323_none_3e088096e3344490\COMCTL32.dll
0x00007ff89ba00000 - 0x00007ff89ba2a000 	C:\WINDOWS\System32\GDI32.dll
0x00007ff89c500000 - 0x00007ff89c5a9000 	C:\WINDOWS\System32\msvcrt.dll
0x00007ff89b280000 - 0x00007ff89b3b1000 	C:\WINDOWS\System32\gdi32full.dll
0x00007ff89b1d0000 - 0x00007ff89b273000 	C:\WINDOWS\System32\msvcp_win.dll
0x00007ff89c5b0000 - 0x00007ff89c5df000 	C:\WINDOWS\System32\IMM32.DLL
0x00007ff85dd70000 - 0x00007ff85dd7c000 	C:\Program Files\Eclipse Adoptium\jdk-17.0.12.7-hotspot\bin\vcruntime140_1.dll
0x00007ff84d660000 - 0x00007ff84d6ed000 	C:\Program Files\Eclipse Adoptium\jdk-17.0.12.7-hotspot\bin\msvcp140.dll
0x00007ffff79d0000 - 0x00007ffff863a000 	C:\Program Files\Eclipse Adoptium\jdk-17.0.12.7-hotspot\bin\server\jvm.dll
0x00007ff89c670000 - 0x00007ff89c722000 	C:\WINDOWS\System32\ADVAPI32.dll
0x00007ff89c870000 - 0x00007ff89c916000 	C:\WINDOWS\System32\sechost.dll
0x00007ff89c920000 - 0x00007ff89ca36000 	C:\WINDOWS\System32\RPCRT4.dll
0x00007ff89bf90000 - 0x00007ff89c004000 	C:\WINDOWS\System32\WS2_32.dll
0x00007ff89ab70000 - 0x00007ff89abbe000 	C:\WINDOWS\SYSTEM32\POWRPROF.dll
0x00007ff88bca0000 - 0x00007ff88bcd6000 	C:\WINDOWS\SYSTEM32\WINMM.dll
0x00007ff87ed10000 - 0x00007ff87ed1b000 	C:\WINDOWS\SYSTEM32\VERSION.dll
0x00007ff89ab50000 - 0x00007ff89ab64000 	C:\WINDOWS\SYSTEM32\UMPDC.dll
0x00007ff899b00000 - 0x00007ff899b1a000 	C:\WINDOWS\SYSTEM32\kernel.appcore.dll
0x00007ff85d710000 - 0x00007ff85d71a000 	C:\Program Files\Eclipse Adoptium\jdk-17.0.12.7-hotspot\bin\jimage.dll
0x00007ff898210000 - 0x00007ff898451000 	C:\WINDOWS\SYSTEM32\DBGHELP.DLL
0x00007ff89bb10000 - 0x00007ff89be92000 	C:\WINDOWS\System32\combase.dll
0x00007ff89c790000 - 0x00007ff89c866000 	C:\WINDOWS\System32\OLEAUT32.dll
0x00007ff87b8b0000 - 0x00007ff87b8e9000 	C:\WINDOWS\SYSTEM32\dbgcore.DLL
0x00007ff89b130000 - 0x00007ff89b1c9000 	C:\WINDOWS\System32\bcryptPrimitives.dll
0x00007ff850660000 - 0x00007ff850685000 	C:\Program Files\Eclipse Adoptium\jdk-17.0.12.7-hotspot\bin\java.dll
0x00007ff84d120000 - 0x00007ff84d1f7000 	C:\Program Files\Eclipse Adoptium\jdk-17.0.12.7-hotspot\bin\jsvml.dll
0x00007ff89ced0000 - 0x00007ff89d5e5000 	C:\WINDOWS\System32\SHELL32.dll
0x00007ff89b3c0000 - 0x00007ff89b528000 	C:\WINDOWS\System32\wintypes.dll
0x00007ff898990000 - 0x00007ff8991d5000 	C:\WINDOWS\SYSTEM32\windows.storage.dll
0x00007ff89d600000 - 0x00007ff89d6eb000 	C:\WINDOWS\System32\SHCORE.dll
0x00007ff89c4a0000 - 0x00007ff89c4fd000 	C:\WINDOWS\System32\shlwapi.dll
0x00007ff89abf0000 - 0x00007ff89ac1f000 	C:\WINDOWS\SYSTEM32\profapi.dll
0x00007ff853870000 - 0x00007ff853889000 	C:\Program Files\Eclipse Adoptium\jdk-17.0.12.7-hotspot\bin\net.dll
0x00007ff890410000 - 0x00007ff89052e000 	C:\WINDOWS\SYSTEM32\WINHTTP.dll
0x00007ff89a020000 - 0x00007ff89a08a000 	C:\WINDOWS\system32\mswsock.dll
0x00007ff850ba0000 - 0x00007ff850bb6000 	C:\Program Files\Eclipse Adoptium\jdk-17.0.12.7-hotspot\bin\nio.dll
0x00007ff86a960000 - 0x00007ff86a978000 	C:\Program Files\Eclipse Adoptium\jdk-17.0.12.7-hotspot\bin\zip.dll
0x00007ff84cf90000 - 0x00007ff84d120000 	C:\Program Files\Eclipse Adoptium\jdk-17.0.12.7-hotspot\bin\awt.dll
0x00007ff8951f0000 - 0x00007ff89528c000 	C:\WINDOWS\SYSTEM32\apphelp.dll
0x00007ff897ef0000 - 0x00007ff897f25000 	C:\WINDOWS\system32\DWMAPI.DLL
0x00007ff895360000 - 0x00007ff89540e000 	C:\WINDOWS\system32\uxtheme.dll
0x00007ff8023e0000 - 0x00007ff8024ec000 	C:\WINDOWS\system32\opengl32.dll
0x00007ff800970000 - 0x00007ff80099d000 	C:\WINDOWS\SYSTEM32\GLU32.dll
0x00007ff897aa0000 - 0x00007ff897ae7000 	C:\WINDOWS\SYSTEM32\dxcore.dll
0x00007ff89c290000 - 0x00007ff89c3eb000 	C:\WINDOWS\System32\MSCTF.dll
0x00007ff89c0e0000 - 0x00007ff89c275000 	C:\WINDOWS\System32\ole32.dll
0x00007ff84d870000 - 0x00007ff84d89d000 	C:\Program Files\Eclipse Adoptium\jdk-17.0.12.7-hotspot\bin\javajpeg.dll
0x00007ff84cf00000 - 0x00007ff84cf87000 	C:\Program Files\Eclipse Adoptium\jdk-17.0.12.7-hotspot\bin\freetype.dll
0x00007ff84ce10000 - 0x00007ff84cef2000 	C:\Program Files\Eclipse Adoptium\jdk-17.0.12.7-hotspot\bin\fontmanager.dll
0x00007ff89c3f0000 - 0x00007ff89c498000 	C:\WINDOWS\System32\clbcatq.dll
0x00007ff893850000 - 0x00007ff893a7e000 	C:\WINDOWS\SYSTEM32\WindowsCodecs.dll
0x00007ff8690c0000 - 0x00007ff86911a000 	C:\WINDOWS\system32\dataexchange.dll
0x00007ff8864c0000 - 0x00007ff8866fb000 	C:\WINDOWS\system32\twinapi.appcore.dll
0x00007ff8833c0000 - 0x00007ff883506000 	C:\WINDOWS\SYSTEM32\textinputframework.dll
0x00007ff894de0000 - 0x00007ff894f06000 	C:\WINDOWS\SYSTEM32\CoreMessaging.dll
0x00007ff88e660000 - 0x00007ff88e943000 	C:\WINDOWS\SYSTEM32\CoreUIComponents.dll
0x00007ff89a2e0000 - 0x00007ff89a2ec000 	C:\WINDOWS\SYSTEM32\CRYPTBASE.DLL
0x00007ff8995e0000 - 0x00007ff899705000 	C:\WINDOWS\SYSTEM32\DNSAPI.dll
0x00007ff8995a0000 - 0x00007ff8995d3000 	C:\WINDOWS\SYSTEM32\IPHLPAPI.DLL
0x00007ff89ba70000 - 0x00007ff89ba7a000 	C:\WINDOWS\System32\NSI.dll
0x00007ff891390000 - 0x00007ff89139b000 	C:\Windows\System32\rasadhlp.dll
0x00007ff891b50000 - 0x00007ff891bd5000 	C:\WINDOWS\System32\fwpuclnt.dll
0x00007ff884c80000 - 0x00007ff884c89000 	C:\Program Files\Eclipse Adoptium\jdk-17.0.12.7-hotspot\bin\extnet.dll
0x00007ff884c70000 - 0x00007ff884c7e000 	C:\Program Files\Eclipse Adoptium\jdk-17.0.12.7-hotspot\bin\sunmscapi.dll
0x00007ff89aec0000 - 0x00007ff89b037000 	C:\WINDOWS\System32\CRYPT32.dll
0x00007ff89a4c0000 - 0x00007ff89a4f0000 	C:\WINDOWS\SYSTEM32\ncrypt.dll
0x00007ff89a470000 - 0x00007ff89a4af000 	C:\WINDOWS\SYSTEM32\NTASN1.dll
0x00007ff89a2c0000 - 0x00007ff89a2dc000 	C:\WINDOWS\SYSTEM32\CRYPTSP.dll
0x00007ff899a40000 - 0x00007ff899a7a000 	C:\WINDOWS\system32\rsaenh.dll
0x00007ff89a0c0000 - 0x00007ff89a0eb000 	C:\WINDOWS\SYSTEM32\USERENV.dll
0x00007ff89a500000 - 0x00007ff89a526000 	C:\WINDOWS\SYSTEM32\bcrypt.dll
0x00007ff890a60000 - 0x00007ff890a7f000 	C:\WINDOWS\SYSTEM32\dhcpcsvc6.DLL
0x00007ff890980000 - 0x00007ff8909a5000 	C:\WINDOWS\SYSTEM32\dhcpcsvc.DLL

dbghelp: loaded successfully - version: 4.0.5 - missing functions: none
symbol engine: initialized successfully - sym options: 0x614 - pdb path: .;C:\Program Files\Eclipse Adoptium\jdk-17.0.12.7-hotspot\bin;C:\WINDOWS\SYSTEM32;C:\WINDOWS\WinSxS\amd64_microsoft.windows.common-controls_6595b64144ccf1df_6.0.26100.3323_none_3e088096e3344490;C:\Program Files\Eclipse Adoptium\jdk-17.0.12.7-hotspot\bin\server

VM Arguments:
jvm_args: -XX:+ShowCodeDetailsInExceptionMessages 
java_command: billingsystempackage.loginpage
java_class_path (initial): C:\Users\Lenovo\Desktop\billing_systempackage\billingsystempackage\bin;c:\Users\Lenovo\Desktop\mysql-connector-j-9.2.0.jar;c:\Users\Lenovo\Desktop\ResultSet2xml.jar
Launcher Type: SUN_STANDARD

[Global flags]
     intx CICompilerCount                          = 12                                        {product} {ergonomic}
     uint ConcGCThreads                            = 3                                         {product} {ergonomic}
     uint G1ConcRefinementThreads                  = 13                                        {product} {ergonomic}
   size_t G1HeapRegionSize                         = 2097152                                   {product} {ergonomic}
    uintx GCDrainStackTargetSize                   = 64                                        {product} {ergonomic}
   size_t InitialHeapSize                          = 264241152                                 {product} {ergonomic}
   size_t MarkStackSize                            = 4194304                                   {product} {ergonomic}
   size_t MaxHeapSize                              = 4215275520                                {product} {ergonomic}
   size_t MaxNewSize                               = 2529165312                                {product} {ergonomic}
   size_t MinHeapDeltaBytes                        = 2097152                                   {product} {ergonomic}
   size_t MinHeapSize                              = 8388608                                   {product} {ergonomic}
    uintx NonNMethodCodeHeapSize                   = 7602480                                {pd product} {ergonomic}
    uintx NonProfiledCodeHeapSize                  = 122027880                              {pd product} {ergonomic}
    uintx ProfiledCodeHeapSize                     = 122027880                              {pd product} {ergonomic}
    uintx ReservedCodeCacheSize                    = 251658240                              {pd product} {ergonomic}
     bool SegmentedCodeCache                       = true                                      {product} {ergonomic}
     bool ShowCodeDetailsInExceptionMessages       = true                                   {manageable} {command line}
   size_t SoftMaxHeapSize                          = 4215275520                             {manageable} {ergonomic}
     bool UseCompressedClassPointers               = true                           {product lp64_product} {ergonomic}
     bool UseCompressedOops                        = true                           {product lp64_product} {ergonomic}
     bool UseG1GC                                  = true                                      {product} {ergonomic}
     bool UseLargePagesIndividualAllocation        = false                                  {pd product} {ergonomic}

Logging:
Log output configuration:
 #0: stdout all=warning uptime,level,tags
 #1: stderr all=off uptime,level,tags

Environment Variables:
JAVA_HOME=C:\Program Files\Eclipse Adoptium\jdk-17.0.12.7-hotspot\
PATH=C:\Program Files\Eclipse Adoptium\jdk-17.0.12.7-hotspot\bin;C:\WINDOWS\system32;C:\WINDOWS;C:\WINDOWS\System32\Wbem;C:\WINDOWS\System32\WindowsPowerShell\v1.0\;C:\WINDOWS\System32\OpenSSH\;C:\Program Files\dotnet\;C:\Program Files\Git\cmd;C:\Program Files\MySQL\MySQL Shell 8.0\bin\;C:\Users\Lenovo\AppData\Local\Programs\Python\Python312\Scripts\;C:\Users\Lenovo\AppData\Local\Programs\Python\Python312\;C:\Users\Lenovo\AppData\Local\Microsoft\WindowsApps;E:\Microsoft VS Code\bin
USERNAME=Lenovo
LANG=en_US.UTF-8
OS=Windows_NT
PROCESSOR_IDENTIFIER=Intel64 Family 6 Model 186 Stepping 2, GenuineIntel
TMP=C:\Users\Lenovo\AppData\Local\Temp
TEMP=C:\Users\Lenovo\AppData\Local\Temp



Periodic native trim disabled


---------------  S Y S T E M  ---------------

OS:
 Windows 11 , 64 bit Build 26100 (10.0.26100.3323)
OS uptime: 1 days 5:03 hours
Hyper-V role detected

CPU: total 16 (initial active 16) (8 cores per cpu, 2 threads per core) family 6 model 186 stepping 2 microcode 0x4112, cx8, cmov, fxsr, ht, mmx, 3dnowpref, sse, sse2, sse3, ssse3, sse4.1, sse4.2, popcnt, lzcnt, tsc, tscinvbit, avx, avx2, aes, erms, clmul, bmi1, bmi2, adx, sha, fma, vzeroupper, clflush, clflushopt, clwb, hv
Processor Information for processor 0
  Max Mhz: 2400, Current Mhz: 2400, Mhz Limit: 2400
Processor Information for processor 1
  Max Mhz: 2400, Current Mhz: 2400, Mhz Limit: 2400
Processor Information for processor 2
  Max Mhz: 2400, Current Mhz: 2400, Mhz Limit: 2400
Processor Information for processor 3
  Max Mhz: 2400, Current Mhz: 2400, Mhz Limit: 2400
Processor Information for processor 4
  Max Mhz: 2400, Current Mhz: 2400, Mhz Limit: 2400
Processor Information for processor 5
  Max Mhz: 2400, Current Mhz: 1520, Mhz Limit: 2400
Processor Information for processor 6
  Max Mhz: 2400, Current Mhz: 1520, Mhz Limit: 2400
Processor Information for processor 7
  Max Mhz: 2400, Current Mhz: 2400, Mhz Limit: 2400
Processor Information for processor 8
  Max Mhz: 2400, Current Mhz: 1520, Mhz Limit: 2400
Processor Information for processor 9
  Max Mhz: 2400, Current Mhz: 1520, Mhz Limit: 2400
Processor Information for processor 10
  Max Mhz: 2400, Current Mhz: 2400, Mhz Limit: 2400
Processor Information for processor 11
  Max Mhz: 2400, Current Mhz: 2400, Mhz Limit: 2400
Processor Information for processor 12
  Max Mhz: 2400, Current Mhz: 1500, Mhz Limit: 1800
Processor Information for processor 13
  Max Mhz: 2400, Current Mhz: 1800, Mhz Limit: 1800
Processor Information for processor 14
  Max Mhz: 2400, Current Mhz: 1800, Mhz Limit: 1800
Processor Information for processor 15
  Max Mhz: 2400, Current Mhz: 1800, Mhz Limit: 1800

Memory: 4k page, system-wide physical 16076M (4699M free)
TotalPageFile size 39340M (AvailPageFile size 0M)
current process WorkingSet (physical memory assigned to process): 68M, peak: 144M
current process commit charge ("private bytes"): 392M, peak: 397M

vm_info: OpenJDK 64-Bit Server VM (17.0.12+7) for windows-amd64 JRE (17.0.12+7), built on Jul 16 2024 22:08:24 by "admin" with MS VC++ 16.10 / 16.11 (VS2019)

END.
